2022-11-27 18:01:05 INFO     Set logger to models/RotatE_icews22/train.log
2022-11-27 18:01:06 INFO     Base Model: RotatE (models/RotatE_icews14_best)
2022-11-27 18:01:06 INFO     Data Path:  data/icews22
2022-11-27 18:01:06 INFO     #entity:    35
2022-11-27 18:01:06 INFO     #relation:  11
2022-11-27 18:01:06 INFO     #train:     10
2022-11-27 18:01:06 INFO     #valid:     3
2022-11-27 18:01:06 INFO     #test:      2
2022-11-27 18:01:06 INFO     Scope:      [d1100_1_1~d2030_12_30]@CDY
2022-11-27 18:01:06 INFO     Model Parameter Configuration:
2022-11-27 18:01:06 INFO     Parameter gamma: torch.Size([1]), require_grad = False
2022-11-27 18:01:06 INFO     Parameter modulus: torch.Size([1, 1]), require_grad = False
2022-11-27 18:01:06 INFO     Parameter embedding_range: torch.Size([1]), require_grad = False
2022-11-27 18:01:06 INFO     Parameter entity_embedding: torch.Size([7128, 512]), require_grad = False
2022-11-27 18:01:06 INFO     Parameter relation_embedding: torch.Size([230, 256]), require_grad = False
2022-11-27 18:01:06 INFO     Parameter e_layer.CENTURY: torch.Size([5120, 512]), require_grad = True
2022-11-27 18:01:06 INFO     Parameter e_layer.DECADE: torch.Size([5120, 512]), require_grad = True
2022-11-27 18:01:06 INFO     Parameter e_layer.YEAR: torch.Size([5120, 512]), require_grad = True
2022-11-27 18:01:06 INFO     Parameter r_layer.CENTURY: torch.Size([2560, 256]), require_grad = True
2022-11-27 18:01:06 INFO     Parameter r_layer.DECADE: torch.Size([2560, 256]), require_grad = True
2022-11-27 18:01:06 INFO     Parameter r_layer.YEAR: torch.Size([2560, 256]), require_grad = True
2022-11-27 18:01:06 WARNING  Unable to load optimizer
2022-11-27 18:01:06 INFO     Start Training...
2022-11-27 18:01:06 INFO     init_step = 1
2022-11-27 18:01:06 INFO     ramp_up = 1.000000
2022-11-27 18:01:06 INFO     regularization = 0.000000
2022-11-27 18:01:06 INFO     batch_size = 1024
2022-11-27 18:01:06 INFO     phase_length = 5000
2022-11-27 18:01:06 INFO     learning_rate = 0.001000
2022-11-27 18:01:06 INFO     similarity cost coef = 0.000000
2022-11-27 18:01:06 INFO     negative_sample_size = 128.000000
2022-11-27 18:01:06 INFO     negative_adversarial_sampling = False
2022-11-27 18:01:06 INFO     adversarial_temperature = 1.000000
2022-11-27 18:01:06 INFO     Evaluating on Validation Dataset...
2022-11-27 18:01:06 INFO     Force default test mode
2022-11-27 18:01:06 INFO     Evaluating the model... (1/3)
2022-11-27 18:01:07 INFO     Evaluating the model... (2/3)
2022-11-27 18:01:07 INFO     Evaluating the model... (3/3)
2022-11-27 18:01:07 INFO     Valid Granularities.CENTURY	AUC-ROC: 0.500000	Bal-Acc: 0.500000	Pre.: 0.100000	Rec.: 1.000000	F1: 0.181818
2022-11-27 18:01:07 INFO     Valid Granularities.DECADE	AUC-ROC: 0.500000	Bal-Acc: 0.500000	Pre.: 0.100000	Rec.: 1.000000	F1: 0.181818
2022-11-27 18:01:07 INFO     Valid Granularities.YEAR	AUC-ROC: 0.500000	Bal-Acc: 0.500000	Pre.: 0.100000	Rec.: 1.000000	F1: 0.181818
2022-11-27 18:02:53 INFO     Training average pos_sample_loss at step 1000 : -0.673157
2022-11-27 18:02:53 INFO     Training average neg_sample_loss at step 1000 : -128.606030
2022-11-27 18:02:53 INFO     Training average sim_sample_loss at step 1000 : 0.000000
2022-11-27 18:02:53 INFO     Training average loss at step 1000 : -129.279187
2022-11-27 18:02:53 INFO     Evaluating on Validation Dataset...
2022-11-27 18:02:53 INFO     Force default test mode
2022-11-27 18:02:53 INFO     Evaluating the model... (1/3)
2022-11-27 18:02:53 INFO     Evaluating the model... (2/3)
2022-11-27 18:02:53 INFO     Evaluating the model... (3/3)
2022-11-27 18:02:53 INFO     Valid Granularities.CENTURY at step 1000 	AUC-ROC: 0.888889	Bal-Acc: 0.666667	Pre.: 0.181818	Rec.: 0.666667	F1: 0.285714
2022-11-27 18:02:53 INFO     Valid Granularities.DECADE at step 1000 	AUC-ROC: 0.500000	Bal-Acc: 0.500000	Pre.: 0.100000	Rec.: 0.666667	F1: 0.173913
2022-11-27 18:02:53 INFO     Valid Granularities.YEAR at step 1000 	AUC-ROC: 0.500000	Bal-Acc: 0.500000	Pre.: 0.100000	Rec.: 0.666667	F1: 0.173913
2022-11-27 18:02:53 INFO     Saving model to models/RotatE_icews22...
2022-11-27 18:04:39 INFO     Training average pos_sample_loss at step 2000 : -0.679398
2022-11-27 18:04:39 INFO     Training average neg_sample_loss at step 2000 : -128.613197
2022-11-27 18:04:39 INFO     Training average sim_sample_loss at step 2000 : 0.000000
2022-11-27 18:04:39 INFO     Training average loss at step 2000 : -129.292596
2022-11-27 18:04:39 INFO     Evaluating on Validation Dataset...
2022-11-27 18:04:39 INFO     Force default test mode
2022-11-27 18:04:39 INFO     Evaluating the model... (1/3)
2022-11-27 18:04:39 INFO     Evaluating the model... (2/3)
2022-11-27 18:04:40 INFO     Evaluating the model... (3/3)
2022-11-27 18:04:40 INFO     Valid Granularities.CENTURY at step 2000 	AUC-ROC: 0.888889	Bal-Acc: 0.666667	Pre.: 0.181818	Rec.: 0.666667	F1: 0.285714
2022-11-27 18:04:40 INFO     Valid Granularities.DECADE at step 2000 	AUC-ROC: 0.500000	Bal-Acc: 0.500000	Pre.: 0.100000	Rec.: 0.666667	F1: 0.173913
2022-11-27 18:04:40 INFO     Valid Granularities.YEAR at step 2000 	AUC-ROC: 0.500000	Bal-Acc: 0.500000	Pre.: 0.100000	Rec.: 0.666667	F1: 0.173913
2022-11-27 18:04:40 INFO     Saving model to models/RotatE_icews22...
2022-11-27 18:06:24 INFO     Training average pos_sample_loss at step 3000 : -0.680165
2022-11-27 18:06:24 INFO     Training average neg_sample_loss at step 3000 : -128.613884
2022-11-27 18:06:24 INFO     Training average sim_sample_loss at step 3000 : 0.000000
2022-11-27 18:06:24 INFO     Training average loss at step 3000 : -129.294049
2022-11-27 18:06:24 INFO     Evaluating on Validation Dataset...
2022-11-27 18:06:24 INFO     Force default test mode
2022-11-27 18:06:24 INFO     Evaluating the model... (1/3)
2022-11-27 18:06:24 INFO     Evaluating the model... (2/3)
2022-11-27 18:06:24 INFO     Evaluating the model... (3/3)
2022-11-27 18:06:24 INFO     Valid Granularities.CENTURY at step 3000 	AUC-ROC: 0.888889	Bal-Acc: 0.759259	Pre.: 0.333333	Rec.: 0.666667	F1: 0.444444
2022-11-27 18:06:24 INFO     Valid Granularities.DECADE at step 3000 	AUC-ROC: 0.500000	Bal-Acc: 0.500000	Pre.: 0.100000	Rec.: 0.666667	F1: 0.173913
2022-11-27 18:06:24 INFO     Valid Granularities.YEAR at step 3000 	AUC-ROC: 0.500000	Bal-Acc: 0.500000	Pre.: 0.100000	Rec.: 0.666667	F1: 0.173913
2022-11-27 18:06:24 INFO     Saving model to models/RotatE_icews22...
2022-11-27 18:08:10 INFO     Training average pos_sample_loss at step 4000 : -0.680619
2022-11-27 18:08:10 INFO     Training average neg_sample_loss at step 4000 : -128.617665
2022-11-27 18:08:10 INFO     Training average sim_sample_loss at step 4000 : 0.000000
2022-11-27 18:08:10 INFO     Training average loss at step 4000 : -129.298284
2022-11-27 18:08:10 INFO     Evaluating on Validation Dataset...
2022-11-27 18:08:10 INFO     Force default test mode
2022-11-27 18:08:10 INFO     Evaluating the model... (1/3)
2022-11-27 18:08:10 INFO     Evaluating the model... (2/3)
2022-11-27 18:08:10 INFO     Evaluating the model... (3/3)
2022-11-27 18:08:10 INFO     Valid Granularities.CENTURY at step 4000 	AUC-ROC: 0.888889	Bal-Acc: 0.777778	Pre.: 0.400000	Rec.: 0.666667	F1: 0.500000
2022-11-27 18:08:10 INFO     Valid Granularities.DECADE at step 4000 	AUC-ROC: 0.500000	Bal-Acc: 0.500000	Pre.: 0.100000	Rec.: 0.666667	F1: 0.173913
2022-11-27 18:08:10 INFO     Valid Granularities.YEAR at step 4000 	AUC-ROC: 0.500000	Bal-Acc: 0.500000	Pre.: 0.100000	Rec.: 0.666667	F1: 0.173913
2022-11-27 18:08:10 INFO     Saving model to models/RotatE_icews22...
2022-11-27 18:09:55 INFO     Training average pos_sample_loss at step 5000 : -0.681040
2022-11-27 18:09:55 INFO     Training average neg_sample_loss at step 5000 : -128.620631
2022-11-27 18:09:55 INFO     Training average sim_sample_loss at step 5000 : 0.000000
2022-11-27 18:09:55 INFO     Training average loss at step 5000 : -129.301671
2022-11-27 18:09:55 INFO     Evaluating on Validation Dataset...
2022-11-27 18:09:55 INFO     Force default test mode
2022-11-27 18:09:55 INFO     Evaluating the model... (1/3)
2022-11-27 18:09:55 INFO     Evaluating the model... (2/3)
2022-11-27 18:09:56 INFO     Evaluating the model... (3/3)
2022-11-27 18:09:56 INFO     Valid Granularities.CENTURY at step 5000 	AUC-ROC: 0.888889	Bal-Acc: 0.814815	Pre.: 0.666667	Rec.: 0.666667	F1: 0.666667
2022-11-27 18:09:56 INFO     Valid Granularities.DECADE at step 5000 	AUC-ROC: 0.500000	Bal-Acc: 0.500000	Pre.: 0.100000	Rec.: 0.666667	F1: 0.173913
2022-11-27 18:09:56 INFO     Valid Granularities.YEAR at step 5000 	AUC-ROC: 0.500000	Bal-Acc: 0.500000	Pre.: 0.100000	Rec.: 0.666667	F1: 0.173913
2022-11-27 18:09:56 INFO     Saving model to models/RotatE_icews22...
2022-11-27 18:11:48 INFO     Training average pos_sample_loss at step 6000 : -0.617892
2022-11-27 18:11:48 INFO     Training average neg_sample_loss at step 6000 : -128.589200
2022-11-27 18:11:48 INFO     Training average sim_sample_loss at step 6000 : 0.000000
2022-11-27 18:11:48 INFO     Training average loss at step 6000 : -129.207092
2022-11-27 18:11:48 INFO     Evaluating on Validation Dataset...
2022-11-27 18:11:48 INFO     Force default test mode
2022-11-27 18:11:48 INFO     Evaluating the model... (1/3)
2022-11-27 18:11:48 INFO     Evaluating the model... (2/3)
2022-11-27 18:11:48 INFO     Evaluating the model... (3/3)
2022-11-27 18:11:48 INFO     Valid Granularities.CENTURY at step 6000 	AUC-ROC: 0.888889	Bal-Acc: 0.814815	Pre.: 0.666667	Rec.: 0.666667	F1: 0.666667
2022-11-27 18:11:48 INFO     Valid Granularities.DECADE at step 6000 	AUC-ROC: 0.580247	Bal-Acc: 0.555556	Pre.: 0.142857	Rec.: 0.333333	F1: 0.200000
2022-11-27 18:11:48 INFO     Valid Granularities.YEAR at step 6000 	AUC-ROC: 0.500000	Bal-Acc: 0.500000	Pre.: 0.100000	Rec.: 0.333333	F1: 0.153846
2022-11-27 18:11:48 INFO     Saving model to models/RotatE_icews22...
2022-11-27 18:13:41 INFO     Training average pos_sample_loss at step 7000 : -0.626552
2022-11-27 18:13:41 INFO     Training average neg_sample_loss at step 7000 : -128.595777
2022-11-27 18:13:41 INFO     Training average sim_sample_loss at step 7000 : 0.000000
2022-11-27 18:13:41 INFO     Training average loss at step 7000 : -129.222329
2022-11-27 18:13:41 INFO     Evaluating on Validation Dataset...
2022-11-27 18:13:41 INFO     Force default test mode
2022-11-27 18:13:41 INFO     Evaluating the model... (1/3)
2022-11-27 18:13:41 INFO     Evaluating the model... (2/3)
2022-11-27 18:13:41 INFO     Evaluating the model... (3/3)
2022-11-27 18:13:41 INFO     Valid Granularities.CENTURY at step 7000 	AUC-ROC: 0.888889	Bal-Acc: 0.814815	Pre.: 0.666667	Rec.: 0.666667	F1: 0.666667
2022-11-27 18:13:41 INFO     Valid Granularities.DECADE at step 7000 	AUC-ROC: 0.580247	Bal-Acc: 0.666667	Pre.: 1.000000	Rec.: 0.333333	F1: 0.500000
2022-11-27 18:13:41 INFO     Valid Granularities.YEAR at step 7000 	AUC-ROC: 0.500000	Bal-Acc: 0.500000	Pre.: 0.100000	Rec.: 0.333333	F1: 0.153846
2022-11-27 18:13:41 INFO     Saving model to models/RotatE_icews22...
2022-11-27 18:15:35 INFO     Training average pos_sample_loss at step 8000 : -0.631052
2022-11-27 18:15:35 INFO     Training average neg_sample_loss at step 8000 : -128.598934
2022-11-27 18:15:35 INFO     Training average sim_sample_loss at step 8000 : 0.000000
2022-11-27 18:15:35 INFO     Training average loss at step 8000 : -129.229986
2022-11-27 18:15:35 INFO     Evaluating on Validation Dataset...
2022-11-27 18:15:35 INFO     Force default test mode
2022-11-27 18:15:35 INFO     Evaluating the model... (1/3)
2022-11-27 18:15:35 INFO     Evaluating the model... (2/3)
2022-11-27 18:15:35 INFO     Evaluating the model... (3/3)
2022-11-27 18:15:35 INFO     Valid Granularities.CENTURY at step 8000 	AUC-ROC: 0.888889	Bal-Acc: 0.814815	Pre.: 0.666667	Rec.: 0.666667	F1: 0.666667
2022-11-27 18:15:35 INFO     Valid Granularities.DECADE at step 8000 	AUC-ROC: 0.580247	Bal-Acc: 0.500000	Pre.: 0.000000	Rec.: 0.000000	F1: 0.000000
2022-11-27 18:15:35 INFO     Valid Granularities.YEAR at step 8000 	AUC-ROC: 0.500000	Bal-Acc: 0.500000	Pre.: 0.000000	Rec.: 0.000000	F1: 0.000000
2022-11-27 18:15:35 INFO     Saving model to models/RotatE_icews22...
2022-11-27 18:17:28 INFO     Training average pos_sample_loss at step 9000 : -0.632420
2022-11-27 18:17:28 INFO     Training average neg_sample_loss at step 9000 : -128.599917
2022-11-27 18:17:28 INFO     Training average sim_sample_loss at step 9000 : 0.000000
2022-11-27 18:17:28 INFO     Training average loss at step 9000 : -129.232337
2022-11-27 18:17:28 INFO     Evaluating on Validation Dataset...
2022-11-27 18:17:28 INFO     Force default test mode
2022-11-27 18:17:28 INFO     Evaluating the model... (1/3)
2022-11-27 18:17:28 INFO     Evaluating the model... (2/3)
2022-11-27 18:17:28 INFO     Evaluating the model... (3/3)
2022-11-27 18:17:28 INFO     Valid Granularities.CENTURY at step 9000 	AUC-ROC: 0.888889	Bal-Acc: 0.814815	Pre.: 0.666667	Rec.: 0.666667	F1: 0.666667
2022-11-27 18:17:28 INFO     Valid Granularities.DECADE at step 9000 	AUC-ROC: 0.580247	Bal-Acc: 0.500000	Pre.: 0.000000	Rec.: 0.000000	F1: 0.000000
2022-11-27 18:17:28 INFO     Valid Granularities.YEAR at step 9000 	AUC-ROC: 0.500000	Bal-Acc: 0.500000	Pre.: 0.000000	Rec.: 0.000000	F1: 0.000000
2022-11-27 18:17:28 INFO     Saving model to models/RotatE_icews22...
2022-11-27 18:19:20 INFO     Training average pos_sample_loss at step 10000 : -0.632610
2022-11-27 18:19:20 INFO     Training average neg_sample_loss at step 10000 : -128.600076
2022-11-27 18:19:20 INFO     Training average sim_sample_loss at step 10000 : 0.000000
2022-11-27 18:19:20 INFO     Training average loss at step 10000 : -129.232686
2022-11-27 18:19:20 INFO     Evaluating on Validation Dataset...
2022-11-27 18:19:20 INFO     Force default test mode
2022-11-27 18:19:20 INFO     Evaluating the model... (1/3)
2022-11-27 18:19:20 INFO     Evaluating the model... (2/3)
2022-11-27 18:19:20 INFO     Evaluating the model... (3/3)
2022-11-27 18:19:20 INFO     Valid Granularities.CENTURY at step 10000 	AUC-ROC: 0.888889	Bal-Acc: 0.814815	Pre.: 0.666667	Rec.: 0.666667	F1: 0.666667
2022-11-27 18:19:20 INFO     Valid Granularities.DECADE at step 10000 	AUC-ROC: 0.580247	Bal-Acc: 0.500000	Pre.: 0.000000	Rec.: 0.000000	F1: 0.000000
2022-11-27 18:19:20 INFO     Valid Granularities.YEAR at step 10000 	AUC-ROC: 0.500000	Bal-Acc: 0.500000	Pre.: 0.000000	Rec.: 0.000000	F1: 0.000000
2022-11-27 18:19:20 INFO     Saving model to models/RotatE_icews22...
2022-11-27 18:21:15 INFO     Training average pos_sample_loss at step 11000 : -0.675463
2022-11-27 18:21:15 INFO     Training average neg_sample_loss at step 11000 : -128.668450
2022-11-27 18:21:15 INFO     Training average sim_sample_loss at step 11000 : 0.000000
2022-11-27 18:21:15 INFO     Training average loss at step 11000 : -129.343913
2022-11-27 18:21:15 INFO     Evaluating on Validation Dataset...
2022-11-27 18:21:15 INFO     Force default test mode
2022-11-27 18:21:15 INFO     Evaluating the model... (1/3)
2022-11-27 18:21:15 INFO     Evaluating the model... (2/3)
2022-11-27 18:21:15 INFO     Evaluating the model... (3/3)
2022-11-27 18:21:15 INFO     Valid Granularities.CENTURY at step 11000 	AUC-ROC: 0.888889	Bal-Acc: 0.814815	Pre.: 0.666667	Rec.: 0.666667	F1: 0.666667
2022-11-27 18:21:15 INFO     Valid Granularities.DECADE at step 11000 	AUC-ROC: 0.580247	Bal-Acc: 0.500000	Pre.: 0.000000	Rec.: 0.000000	F1: 0.000000
2022-11-27 18:21:15 INFO     Valid Granularities.YEAR at step 11000 	AUC-ROC: 0.728395	Bal-Acc: 0.500000	Pre.: 0.000000	Rec.: 0.000000	F1: 0.000000
2022-11-27 18:21:15 INFO     Saving model to models/RotatE_icews22...
2022-11-27 18:23:10 INFO     Training average pos_sample_loss at step 12000 : -0.681941
2022-11-27 18:23:10 INFO     Training average neg_sample_loss at step 12000 : -128.675150
2022-11-27 18:23:10 INFO     Training average sim_sample_loss at step 12000 : 0.000000
2022-11-27 18:23:10 INFO     Training average loss at step 12000 : -129.357091
2022-11-27 18:23:10 INFO     Evaluating on Validation Dataset...
2022-11-27 18:23:10 INFO     Force default test mode
2022-11-27 18:23:10 INFO     Evaluating the model... (1/3)
2022-11-27 18:23:10 INFO     Evaluating the model... (2/3)
2022-11-27 18:23:10 INFO     Evaluating the model... (3/3)
2022-11-27 18:23:10 INFO     Valid Granularities.CENTURY at step 12000 	AUC-ROC: 0.888889	Bal-Acc: 0.814815	Pre.: 0.666667	Rec.: 0.666667	F1: 0.666667
2022-11-27 18:23:10 INFO     Valid Granularities.DECADE at step 12000 	AUC-ROC: 0.580247	Bal-Acc: 0.500000	Pre.: 0.000000	Rec.: 0.000000	F1: 0.000000
2022-11-27 18:23:10 INFO     Valid Granularities.YEAR at step 12000 	AUC-ROC: 0.728395	Bal-Acc: 0.500000	Pre.: 0.000000	Rec.: 0.000000	F1: 0.000000
2022-11-27 18:23:10 INFO     Saving model to models/RotatE_icews22...
2022-11-27 18:25:06 INFO     Training average pos_sample_loss at step 13000 : -0.682685
2022-11-27 18:25:06 INFO     Training average neg_sample_loss at step 13000 : -128.676727
2022-11-27 18:25:06 INFO     Training average sim_sample_loss at step 13000 : 0.000000
2022-11-27 18:25:06 INFO     Training average loss at step 13000 : -129.359412
2022-11-27 18:25:06 INFO     Evaluating on Validation Dataset...
2022-11-27 18:25:06 INFO     Force default test mode
2022-11-27 18:25:06 INFO     Evaluating the model... (1/3)
2022-11-27 18:25:06 INFO     Evaluating the model... (2/3)
2022-11-27 18:25:06 INFO     Evaluating the model... (3/3)
2022-11-27 18:25:06 INFO     Valid Granularities.CENTURY at step 13000 	AUC-ROC: 0.888889	Bal-Acc: 0.814815	Pre.: 0.666667	Rec.: 0.666667	F1: 0.666667
2022-11-27 18:25:06 INFO     Valid Granularities.DECADE at step 13000 	AUC-ROC: 0.580247	Bal-Acc: 0.500000	Pre.: 0.000000	Rec.: 0.000000	F1: 0.000000
2022-11-27 18:25:06 INFO     Valid Granularities.YEAR at step 13000 	AUC-ROC: 0.728395	Bal-Acc: 0.500000	Pre.: 0.000000	Rec.: 0.000000	F1: 0.000000
2022-11-27 18:25:06 INFO     Saving model to models/RotatE_icews22...
2022-11-27 18:27:02 INFO     Training average pos_sample_loss at step 14000 : -0.683993
2022-11-27 18:27:02 INFO     Training average neg_sample_loss at step 14000 : -128.677476
2022-11-27 18:27:02 INFO     Training average sim_sample_loss at step 14000 : 0.000000
2022-11-27 18:27:02 INFO     Training average loss at step 14000 : -129.361469
2022-11-27 18:27:02 INFO     Evaluating on Validation Dataset...
2022-11-27 18:27:02 INFO     Force default test mode
2022-11-27 18:27:02 INFO     Evaluating the model... (1/3)
2022-11-27 18:27:02 INFO     Evaluating the model... (2/3)
2022-11-27 18:27:02 INFO     Evaluating the model... (3/3)
2022-11-27 18:27:02 INFO     Valid Granularities.CENTURY at step 14000 	AUC-ROC: 0.888889	Bal-Acc: 0.814815	Pre.: 0.666667	Rec.: 0.666667	F1: 0.666667
2022-11-27 18:27:02 INFO     Valid Granularities.DECADE at step 14000 	AUC-ROC: 0.580247	Bal-Acc: 0.500000	Pre.: 0.000000	Rec.: 0.000000	F1: 0.000000
2022-11-27 18:27:02 INFO     Valid Granularities.YEAR at step 14000 	AUC-ROC: 0.728395	Bal-Acc: 0.500000	Pre.: 0.000000	Rec.: 0.000000	F1: 0.000000
2022-11-27 18:27:02 INFO     Saving model to models/RotatE_icews22...
2022-11-27 18:28:57 INFO     Saving model to models/RotatE_icews22...
2022-11-27 18:28:58 INFO     Training average pos_sample_loss at step 15000 : -0.686801
2022-11-27 18:28:58 INFO     Training average neg_sample_loss at step 15000 : -128.678197
2022-11-27 18:28:58 INFO     Training average sim_sample_loss at step 15000 : 0.000000
2022-11-27 18:28:58 INFO     Training average loss at step 15000 : -129.364998
2022-11-27 18:28:58 INFO     Evaluating on Validation Dataset...
2022-11-27 18:28:58 INFO     Force default test mode
2022-11-27 18:28:58 INFO     Evaluating the model... (1/3)
2022-11-27 18:28:58 INFO     Evaluating the model... (2/3)
2022-11-27 18:28:58 INFO     Evaluating the model... (3/3)
2022-11-27 18:28:58 INFO     Valid Granularities.CENTURY at step 15000 	AUC-ROC: 0.888889	Bal-Acc: 0.814815	Pre.: 0.666667	Rec.: 0.666667	F1: 0.666667
2022-11-27 18:28:58 INFO     Valid Granularities.DECADE at step 15000 	AUC-ROC: 0.580247	Bal-Acc: 0.500000	Pre.: 0.000000	Rec.: 0.000000	F1: 0.000000
2022-11-27 18:28:58 INFO     Valid Granularities.YEAR at step 15000 	AUC-ROC: 0.691358	Bal-Acc: 0.500000	Pre.: 0.000000	Rec.: 0.000000	F1: 0.000000
2022-11-27 18:28:58 INFO     Saving model to models/RotatE_icews22...
2022-11-27 18:28:59 INFO     Evaluating on Test Dataset...
2022-11-27 18:28:59 INFO     Evaluating the model... (1/3)
