2022-11-28 18:42:50 INFO     Model: RotatE
2022-11-28 18:42:50 INFO     Data Path: data/icews22
2022-11-28 18:42:50 INFO     #entity: 35
2022-11-28 18:42:50 INFO     #relation: 11
2022-11-28 18:42:50 INFO     Model Parameter Configuration:
2022-11-28 18:42:50 INFO     Parameter gamma: torch.Size([1]), require_grad = False
2022-11-28 18:42:50 INFO     Parameter embedding_range: torch.Size([1]), require_grad = False
2022-11-28 18:42:50 INFO     Parameter entity_embedding: torch.Size([7128, 512]), require_grad = True
2022-11-28 18:42:50 INFO     Parameter relation_embedding: torch.Size([230, 256]), require_grad = True
2022-11-28 18:42:52 INFO     Loading checkpoint models/RotatE_icews14_best...
2022-11-28 18:42:52 INFO     Start Training...
2022-11-28 18:42:52 INFO     init_step = 0
2022-11-28 18:42:52 INFO     learning_rate = 0
2022-11-28 18:42:52 INFO     batch_size = 1024
2022-11-28 18:42:52 INFO     negative_adversarial_sampling = 1
2022-11-28 18:42:52 INFO     hidden_dim = 256
2022-11-28 18:42:52 INFO     gamma = 24.000000
2022-11-28 18:42:52 INFO     negative_adversarial_sampling = True
2022-11-28 18:42:52 INFO     adversarial_temperature = 1.000000
2022-11-28 18:42:52 INFO     Training average positive_sample_loss at step 0: 1.706498
2022-11-28 18:42:52 INFO     Training average negative_sample_loss at step 0: 1.304839
2022-11-28 18:42:52 INFO     Training average loss at step 0: 1.505668
2022-11-28 18:42:52 INFO     Evaluating on Valid Dataset...
2022-11-28 18:42:52 INFO     Evaluating the model... (0/2)
2022-11-28 18:42:53 INFO     Valid MRR at step 0: 0.004623
2022-11-28 18:42:53 INFO     Valid MR at step 0: 945.500000
2022-11-28 18:42:53 INFO     Valid HITS@1 at step 0: 0.000000
2022-11-28 18:42:53 INFO     Valid HITS@3 at step 0: 0.000000
2022-11-28 18:42:53 INFO     Valid HITS@10 at step 0: 0.000000
2022-11-28 18:42:58 INFO     Training average positive_sample_loss at step 100: 0.852995
2022-11-28 18:42:58 INFO     Training average negative_sample_loss at step 100: 0.839118
2022-11-28 18:42:58 INFO     Training average loss at step 100: 0.846056
2022-11-28 18:43:04 INFO     Training average positive_sample_loss at step 200: 0.298034
2022-11-28 18:43:04 INFO     Training average negative_sample_loss at step 200: 0.486317
2022-11-28 18:43:04 INFO     Training average loss at step 200: 0.392176
2022-11-28 18:43:10 INFO     Training average positive_sample_loss at step 300: 0.184620
2022-11-28 18:43:10 INFO     Training average negative_sample_loss at step 300: 0.327130
2022-11-28 18:43:10 INFO     Training average loss at step 300: 0.255875
2022-11-28 18:43:15 INFO     Training average positive_sample_loss at step 400: 0.134891
2022-11-28 18:43:15 INFO     Training average negative_sample_loss at step 400: 0.241461
2022-11-28 18:43:15 INFO     Training average loss at step 400: 0.188176
2022-11-28 18:43:20 INFO     Training average positive_sample_loss at step 500: 0.105920
2022-11-28 18:43:20 INFO     Training average negative_sample_loss at step 500: 0.189085
2022-11-28 18:43:20 INFO     Training average loss at step 500: 0.147503
2022-11-28 18:43:26 INFO     Training average positive_sample_loss at step 600: 0.086659
2022-11-28 18:43:26 INFO     Training average negative_sample_loss at step 600: 0.154648
2022-11-28 18:43:26 INFO     Training average loss at step 600: 0.120653
2022-11-28 18:43:31 INFO     Training average positive_sample_loss at step 700: 0.072852
2022-11-28 18:43:31 INFO     Training average negative_sample_loss at step 700: 0.129810
2022-11-28 18:43:31 INFO     Training average loss at step 700: 0.101331
2022-11-28 18:43:36 INFO     Training average positive_sample_loss at step 800: 0.062390
2022-11-28 18:43:36 INFO     Training average negative_sample_loss at step 800: 0.111666
2022-11-28 18:43:36 INFO     Training average loss at step 800: 0.087028
2022-11-28 18:43:42 INFO     Training average positive_sample_loss at step 900: 0.054298
2022-11-28 18:43:42 INFO     Training average negative_sample_loss at step 900: 0.096831
2022-11-28 18:43:42 INFO     Training average loss at step 900: 0.075565
2022-11-28 18:43:47 INFO     Training average positive_sample_loss at step 1000: 0.047817
2022-11-28 18:43:47 INFO     Training average negative_sample_loss at step 1000: 0.084761
2022-11-28 18:43:47 INFO     Training average loss at step 1000: 0.066289
2022-11-28 18:43:47 INFO     Evaluating on Valid Dataset...
2022-11-28 18:43:47 INFO     Evaluating the model... (0/2)
2022-11-28 18:43:47 INFO     Valid MRR at step 1000: 0.001048
2022-11-28 18:43:47 INFO     Valid MR at step 1000: 2827.500000
2022-11-28 18:43:47 INFO     Valid HITS@1 at step 1000: 0.000000
2022-11-28 18:43:47 INFO     Valid HITS@3 at step 1000: 0.000000
2022-11-28 18:43:47 INFO     Valid HITS@10 at step 1000: 0.000000
2022-11-28 18:43:53 INFO     Training average positive_sample_loss at step 1100: 0.042514
2022-11-28 18:43:53 INFO     Training average negative_sample_loss at step 1100: 0.075329
2022-11-28 18:43:53 INFO     Training average loss at step 1100: 0.058922
2022-11-28 18:43:58 INFO     Training average positive_sample_loss at step 1200: 0.038059
2022-11-28 18:43:58 INFO     Training average negative_sample_loss at step 1200: 0.067403
2022-11-28 18:43:58 INFO     Training average loss at step 1200: 0.052731
2022-11-28 18:44:04 INFO     Training average positive_sample_loss at step 1300: 0.034302
2022-11-28 18:44:04 INFO     Training average negative_sample_loss at step 1300: 0.060597
2022-11-28 18:44:04 INFO     Training average loss at step 1300: 0.047450
2022-11-28 18:44:10 INFO     Training average positive_sample_loss at step 1400: 0.031106
2022-11-28 18:44:10 INFO     Training average negative_sample_loss at step 1400: 0.054896
2022-11-28 18:44:10 INFO     Training average loss at step 1400: 0.043001
2022-11-28 18:44:15 INFO     Training average positive_sample_loss at step 1500: 0.028347
2022-11-28 18:44:15 INFO     Training average negative_sample_loss at step 1500: 0.049914
2022-11-28 18:44:15 INFO     Training average loss at step 1500: 0.039130
2022-11-28 18:44:20 INFO     Training average positive_sample_loss at step 1600: 0.025943
2022-11-28 18:44:20 INFO     Training average negative_sample_loss at step 1600: 0.045690
2022-11-28 18:44:20 INFO     Training average loss at step 1600: 0.035817
2022-11-28 18:44:26 INFO     Training average positive_sample_loss at step 1700: 0.023834
2022-11-28 18:44:26 INFO     Training average negative_sample_loss at step 1700: 0.041796
2022-11-28 18:44:26 INFO     Training average loss at step 1700: 0.032815
2022-11-28 18:44:31 INFO     Training average positive_sample_loss at step 1800: 0.021979
2022-11-28 18:44:31 INFO     Training average negative_sample_loss at step 1800: 0.038400
2022-11-28 18:44:31 INFO     Training average loss at step 1800: 0.030189
2022-11-28 18:44:37 INFO     Training average positive_sample_loss at step 1900: 0.020321
2022-11-28 18:44:37 INFO     Training average negative_sample_loss at step 1900: 0.035330
2022-11-28 18:44:37 INFO     Training average loss at step 1900: 0.027825
2022-11-28 18:44:42 INFO     Training average positive_sample_loss at step 2000: 0.018845
2022-11-28 18:44:42 INFO     Training average negative_sample_loss at step 2000: 0.032660
2022-11-28 18:44:42 INFO     Training average loss at step 2000: 0.025753
2022-11-28 18:44:42 INFO     Evaluating on Valid Dataset...
2022-11-28 18:44:42 INFO     Evaluating the model... (0/2)
2022-11-28 18:44:43 INFO     Valid MRR at step 2000: 0.000553
2022-11-28 18:44:43 INFO     Valid MR at step 2000: 3724.500000
2022-11-28 18:44:43 INFO     Valid HITS@1 at step 2000: 0.000000
2022-11-28 18:44:43 INFO     Valid HITS@3 at step 2000: 0.000000
2022-11-28 18:44:43 INFO     Valid HITS@10 at step 2000: 0.000000
2022-11-28 18:44:48 INFO     Training average positive_sample_loss at step 2100: 0.017529
2022-11-28 18:44:48 INFO     Training average negative_sample_loss at step 2100: 0.030368
2022-11-28 18:44:48 INFO     Training average loss at step 2100: 0.023949
2022-11-28 18:44:54 INFO     Training average positive_sample_loss at step 2200: 0.016345
2022-11-28 18:44:54 INFO     Training average negative_sample_loss at step 2200: 0.028087
2022-11-28 18:44:54 INFO     Training average loss at step 2200: 0.022216
2022-11-28 18:44:59 INFO     Training average positive_sample_loss at step 2300: 0.015268
2022-11-28 18:44:59 INFO     Training average negative_sample_loss at step 2300: 0.026252
2022-11-28 18:44:59 INFO     Training average loss at step 2300: 0.020760
2022-11-28 18:45:05 INFO     Training average positive_sample_loss at step 2400: 0.014283
2022-11-28 18:45:05 INFO     Training average negative_sample_loss at step 2400: 0.024304
2022-11-28 18:45:05 INFO     Training average loss at step 2400: 0.019294
2022-11-28 18:45:10 INFO     Training average positive_sample_loss at step 2500: 0.013381
2022-11-28 18:45:10 INFO     Training average negative_sample_loss at step 2500: 0.022834
2022-11-28 18:45:10 INFO     Training average loss at step 2500: 0.018108
2022-11-28 18:45:16 INFO     Training average positive_sample_loss at step 2600: 0.012556
2022-11-28 18:45:16 INFO     Training average negative_sample_loss at step 2600: 0.021202
2022-11-28 18:45:16 INFO     Training average loss at step 2600: 0.016879
2022-11-28 18:45:21 INFO     Training average positive_sample_loss at step 2700: 0.011798
2022-11-28 18:45:21 INFO     Training average negative_sample_loss at step 2700: 0.019818
2022-11-28 18:45:21 INFO     Training average loss at step 2700: 0.015808
2022-11-28 18:45:26 INFO     Training average positive_sample_loss at step 2800: 0.011101
2022-11-28 18:45:26 INFO     Training average negative_sample_loss at step 2800: 0.018539
2022-11-28 18:45:26 INFO     Training average loss at step 2800: 0.014820
2022-11-28 18:45:32 INFO     Training average positive_sample_loss at step 2900: 0.010458
2022-11-28 18:45:32 INFO     Training average negative_sample_loss at step 2900: 0.017376
2022-11-28 18:45:32 INFO     Training average loss at step 2900: 0.013917
2022-11-28 18:45:38 INFO     Training average positive_sample_loss at step 3000: 0.009859
2022-11-28 18:45:38 INFO     Training average negative_sample_loss at step 3000: 0.016307
2022-11-28 18:45:38 INFO     Training average loss at step 3000: 0.013083
2022-11-28 18:45:38 INFO     Evaluating on Valid Dataset...
2022-11-28 18:45:38 INFO     Evaluating the model... (0/2)
2022-11-28 18:45:38 INFO     Valid MRR at step 3000: 0.000386
2022-11-28 18:45:38 INFO     Valid MR at step 3000: 4336.000000
2022-11-28 18:45:38 INFO     Valid HITS@1 at step 3000: 0.000000
2022-11-28 18:45:38 INFO     Valid HITS@3 at step 3000: 0.000000
2022-11-28 18:45:38 INFO     Valid HITS@10 at step 3000: 0.000000
2022-11-28 18:45:43 INFO     Training average positive_sample_loss at step 3100: 0.009303
2022-11-28 18:45:43 INFO     Training average negative_sample_loss at step 3100: 0.015303
2022-11-28 18:45:43 INFO     Training average loss at step 3100: 0.012303
2022-11-28 18:45:49 INFO     Training average positive_sample_loss at step 3200: 0.008785
2022-11-28 18:45:49 INFO     Training average negative_sample_loss at step 3200: 0.014469
2022-11-28 18:45:49 INFO     Training average loss at step 3200: 0.011627
2022-11-28 18:45:54 INFO     Training average positive_sample_loss at step 3300: 0.008303
2022-11-28 18:45:54 INFO     Training average negative_sample_loss at step 3300: 0.013550
2022-11-28 18:45:54 INFO     Training average loss at step 3300: 0.010927
2022-11-28 18:46:00 INFO     Training average positive_sample_loss at step 3400: 0.007854
2022-11-28 18:46:00 INFO     Training average negative_sample_loss at step 3400: 0.012736
2022-11-28 18:46:00 INFO     Training average loss at step 3400: 0.010295
2022-11-28 18:46:05 INFO     Training average positive_sample_loss at step 3500: 0.007436
2022-11-28 18:46:05 INFO     Training average negative_sample_loss at step 3500: 0.012027
2022-11-28 18:46:05 INFO     Training average loss at step 3500: 0.009731
2022-11-28 18:46:11 INFO     Training average positive_sample_loss at step 3600: 0.007045
2022-11-28 18:46:11 INFO     Training average negative_sample_loss at step 3600: 0.011258
2022-11-28 18:46:11 INFO     Training average loss at step 3600: 0.009152
2022-11-28 18:46:16 INFO     Training average positive_sample_loss at step 3700: 0.006680
2022-11-28 18:46:16 INFO     Training average negative_sample_loss at step 3700: 0.010634
2022-11-28 18:46:16 INFO     Training average loss at step 3700: 0.008657
2022-11-28 18:46:22 INFO     Training average positive_sample_loss at step 3800: 0.006339
2022-11-28 18:46:22 INFO     Training average negative_sample_loss at step 3800: 0.010054
2022-11-28 18:46:22 INFO     Training average loss at step 3800: 0.008196
2022-11-28 18:46:27 INFO     Training average positive_sample_loss at step 3900: 0.006020
2022-11-28 18:46:27 INFO     Training average negative_sample_loss at step 3900: 0.009484
2022-11-28 18:46:27 INFO     Training average loss at step 3900: 0.007752
2022-11-28 18:46:34 INFO     Training average positive_sample_loss at step 4000: 0.005721
2022-11-28 18:46:34 INFO     Training average negative_sample_loss at step 4000: 0.008933
2022-11-28 18:46:34 INFO     Training average loss at step 4000: 0.007327
2022-11-28 18:46:34 INFO     Evaluating on Valid Dataset...
2022-11-28 18:46:34 INFO     Evaluating the model... (0/2)
2022-11-28 18:46:34 INFO     Valid MRR at step 4000: 0.000304
2022-11-28 18:46:34 INFO     Valid MR at step 4000: 4762.000000
2022-11-28 18:46:34 INFO     Valid HITS@1 at step 4000: 0.000000
2022-11-28 18:46:34 INFO     Valid HITS@3 at step 4000: 0.000000
2022-11-28 18:46:34 INFO     Valid HITS@10 at step 4000: 0.000000
2022-11-28 18:46:39 INFO     Training average positive_sample_loss at step 4100: 0.005441
2022-11-28 18:46:39 INFO     Training average negative_sample_loss at step 4100: 0.008445
2022-11-28 18:46:39 INFO     Training average loss at step 4100: 0.006943
2022-11-28 18:46:45 INFO     Training average positive_sample_loss at step 4200: 0.005178
2022-11-28 18:46:45 INFO     Training average negative_sample_loss at step 4200: 0.007986
2022-11-28 18:46:45 INFO     Training average loss at step 4200: 0.006582
2022-11-28 18:46:50 INFO     Training average positive_sample_loss at step 4300: 0.004932
2022-11-28 18:46:50 INFO     Training average negative_sample_loss at step 4300: 0.007561
2022-11-28 18:46:50 INFO     Training average loss at step 4300: 0.006246
2022-11-28 18:46:56 INFO     Training average positive_sample_loss at step 4400: 0.004699
2022-11-28 18:46:56 INFO     Training average negative_sample_loss at step 4400: 0.007154
2022-11-28 18:46:56 INFO     Training average loss at step 4400: 0.005926
2022-11-28 18:47:02 INFO     Training average positive_sample_loss at step 4500: 0.004479
2022-11-28 18:47:02 INFO     Training average negative_sample_loss at step 4500: 0.006798
2022-11-28 18:47:02 INFO     Training average loss at step 4500: 0.005639
2022-11-28 18:47:07 INFO     Training average positive_sample_loss at step 4600: 0.004271
2022-11-28 18:47:07 INFO     Training average negative_sample_loss at step 4600: 0.006420
2022-11-28 18:47:07 INFO     Training average loss at step 4600: 0.005346
2022-11-28 18:47:13 INFO     Training average positive_sample_loss at step 4700: 0.004073
2022-11-28 18:47:13 INFO     Training average negative_sample_loss at step 4700: 0.006064
2022-11-28 18:47:13 INFO     Training average loss at step 4700: 0.005068
2022-11-28 18:47:18 INFO     Training average positive_sample_loss at step 4800: 0.003885
2022-11-28 18:47:18 INFO     Training average negative_sample_loss at step 4800: 0.005736
2022-11-28 18:47:18 INFO     Training average loss at step 4800: 0.004811
2022-11-28 18:47:23 INFO     Training average positive_sample_loss at step 4900: 0.003707
2022-11-28 18:47:23 INFO     Training average negative_sample_loss at step 4900: 0.005447
2022-11-28 18:47:23 INFO     Training average loss at step 4900: 0.004577
2022-11-28 18:47:29 INFO     Training average positive_sample_loss at step 5000: 0.003539
2022-11-28 18:47:29 INFO     Training average negative_sample_loss at step 5000: 0.005164
2022-11-28 18:47:29 INFO     Training average loss at step 5000: 0.004352
2022-11-28 18:47:29 INFO     Evaluating on Valid Dataset...
2022-11-28 18:47:29 INFO     Evaluating the model... (0/2)
2022-11-28 18:47:29 INFO     Valid MRR at step 5000: 0.000255
2022-11-28 18:47:29 INFO     Valid MR at step 5000: 5073.333333
2022-11-28 18:47:29 INFO     Valid HITS@1 at step 5000: 0.000000
2022-11-28 18:47:29 INFO     Valid HITS@3 at step 5000: 0.000000
2022-11-28 18:47:29 INFO     Valid HITS@10 at step 5000: 0.000000
2022-11-28 18:47:35 INFO     Training average positive_sample_loss at step 5100: 0.003380
2022-11-28 18:47:35 INFO     Training average negative_sample_loss at step 5100: 0.004879
2022-11-28 18:47:35 INFO     Training average loss at step 5100: 0.004129
2022-11-28 18:47:41 INFO     Training average positive_sample_loss at step 5200: 0.003229
2022-11-28 18:47:41 INFO     Training average negative_sample_loss at step 5200: 0.004641
2022-11-28 18:47:41 INFO     Training average loss at step 5200: 0.003935
2022-11-28 18:47:46 INFO     Training average positive_sample_loss at step 5300: 0.003087
2022-11-28 18:47:46 INFO     Training average negative_sample_loss at step 5300: 0.004414
2022-11-28 18:47:46 INFO     Training average loss at step 5300: 0.003751
2022-11-28 18:47:52 INFO     Training average positive_sample_loss at step 5400: 0.002952
2022-11-28 18:47:52 INFO     Training average negative_sample_loss at step 5400: 0.004177
2022-11-28 18:47:52 INFO     Training average loss at step 5400: 0.003565
2022-11-28 18:47:58 INFO     Training average positive_sample_loss at step 5500: 0.002824
2022-11-28 18:47:58 INFO     Training average negative_sample_loss at step 5500: 0.003953
2022-11-28 18:47:58 INFO     Training average loss at step 5500: 0.003388
2022-11-28 18:48:03 INFO     Training average positive_sample_loss at step 5600: 0.002702
2022-11-28 18:48:03 INFO     Training average negative_sample_loss at step 5600: 0.003765
2022-11-28 18:48:03 INFO     Training average loss at step 5600: 0.003233
2022-11-28 18:48:09 INFO     Training average positive_sample_loss at step 5700: 0.002586
2022-11-28 18:48:09 INFO     Training average negative_sample_loss at step 5700: 0.003568
2022-11-28 18:48:09 INFO     Training average loss at step 5700: 0.003077
2022-11-28 18:48:15 INFO     Training average positive_sample_loss at step 5800: 0.002476
2022-11-28 18:48:15 INFO     Training average negative_sample_loss at step 5800: 0.003390
2022-11-28 18:48:15 INFO     Training average loss at step 5800: 0.002933
2022-11-28 18:48:20 INFO     Training average positive_sample_loss at step 5900: 0.002371
2022-11-28 18:48:20 INFO     Training average negative_sample_loss at step 5900: 0.003219
2022-11-28 18:48:20 INFO     Training average loss at step 5900: 0.002795
2022-11-28 18:48:26 INFO     Training average positive_sample_loss at step 6000: 0.002271
2022-11-28 18:48:26 INFO     Training average negative_sample_loss at step 6000: 0.003052
2022-11-28 18:48:26 INFO     Training average loss at step 6000: 0.002662
2022-11-28 18:48:26 INFO     Evaluating on Valid Dataset...
2022-11-28 18:48:26 INFO     Evaluating the model... (0/2)
2022-11-28 18:48:26 INFO     Valid MRR at step 6000: 0.000221
2022-11-28 18:48:26 INFO     Valid MR at step 6000: 5335.666667
2022-11-28 18:48:26 INFO     Valid HITS@1 at step 6000: 0.000000
2022-11-28 18:48:26 INFO     Valid HITS@3 at step 6000: 0.000000
2022-11-28 18:48:26 INFO     Valid HITS@10 at step 6000: 0.000000
2022-11-28 18:48:31 INFO     Training average positive_sample_loss at step 6100: 0.002175
2022-11-28 18:48:31 INFO     Training average negative_sample_loss at step 6100: 0.002902
2022-11-28 18:48:31 INFO     Training average loss at step 6100: 0.002538
2022-11-28 18:48:37 INFO     Training average positive_sample_loss at step 6200: 0.002083
2022-11-28 18:48:37 INFO     Training average negative_sample_loss at step 6200: 0.002749
2022-11-28 18:48:37 INFO     Training average loss at step 6200: 0.002416
2022-11-28 18:48:42 INFO     Training average positive_sample_loss at step 6300: 0.001997
2022-11-28 18:48:42 INFO     Training average negative_sample_loss at step 6300: 0.002617
2022-11-28 18:48:42 INFO     Training average loss at step 6300: 0.002307
2022-11-28 18:48:48 INFO     Training average positive_sample_loss at step 6400: 0.001915
2022-11-28 18:48:48 INFO     Training average negative_sample_loss at step 6400: 0.002477
2022-11-28 18:48:48 INFO     Training average loss at step 6400: 0.002196
2022-11-28 18:48:53 INFO     Training average positive_sample_loss at step 6500: 0.001836
2022-11-28 18:48:53 INFO     Training average negative_sample_loss at step 6500: 0.002365
2022-11-28 18:48:53 INFO     Training average loss at step 6500: 0.002101
2022-11-28 18:48:58 INFO     Training average positive_sample_loss at step 6600: 0.001761
2022-11-28 18:48:58 INFO     Training average negative_sample_loss at step 6600: 0.002237
2022-11-28 18:48:58 INFO     Training average loss at step 6600: 0.001999
2022-11-28 18:49:04 INFO     Training average positive_sample_loss at step 6700: 0.001689
2022-11-28 18:49:04 INFO     Training average negative_sample_loss at step 6700: 0.002130
2022-11-28 18:49:04 INFO     Training average loss at step 6700: 0.001910
2022-11-28 18:49:09 INFO     Training average positive_sample_loss at step 6800: 0.001620
2022-11-28 18:49:09 INFO     Training average negative_sample_loss at step 6800: 0.002028
2022-11-28 18:49:09 INFO     Training average loss at step 6800: 0.001824
2022-11-28 18:49:15 INFO     Training average positive_sample_loss at step 6900: 0.001555
2022-11-28 18:49:15 INFO     Training average negative_sample_loss at step 6900: 0.001928
2022-11-28 18:49:15 INFO     Training average loss at step 6900: 0.001741
2022-11-28 18:49:20 INFO     Training average positive_sample_loss at step 7000: 0.001492
2022-11-28 18:49:20 INFO     Training average negative_sample_loss at step 7000: 0.001831
2022-11-28 18:49:20 INFO     Training average loss at step 7000: 0.001662
2022-11-28 18:49:20 INFO     Evaluating on Valid Dataset...
2022-11-28 18:49:20 INFO     Evaluating the model... (0/2)
2022-11-28 18:49:21 INFO     Valid MRR at step 7000: 0.000200
2022-11-28 18:49:21 INFO     Valid MR at step 7000: 5553.833333
2022-11-28 18:49:21 INFO     Valid HITS@1 at step 7000: 0.000000
2022-11-28 18:49:21 INFO     Valid HITS@3 at step 7000: 0.000000
2022-11-28 18:49:21 INFO     Valid HITS@10 at step 7000: 0.000000
2022-11-28 18:49:26 INFO     Training average positive_sample_loss at step 7100: 0.001433
2022-11-28 18:49:26 INFO     Training average negative_sample_loss at step 7100: 0.001742
2022-11-28 18:49:26 INFO     Training average loss at step 7100: 0.001587
2022-11-28 18:49:32 INFO     Training average positive_sample_loss at step 7200: 0.001376
2022-11-28 18:49:32 INFO     Training average negative_sample_loss at step 7200: 0.001656
2022-11-28 18:49:32 INFO     Training average loss at step 7200: 0.001516
2022-11-28 18:49:37 INFO     Training average positive_sample_loss at step 7300: 0.001321
2022-11-28 18:49:37 INFO     Training average negative_sample_loss at step 7300: 0.001571
2022-11-28 18:49:37 INFO     Training average loss at step 7300: 0.001446
2022-11-28 18:49:43 INFO     Training average positive_sample_loss at step 7400: 0.001269
2022-11-28 18:49:43 INFO     Training average negative_sample_loss at step 7400: 0.001497
2022-11-28 18:49:43 INFO     Training average loss at step 7400: 0.001383
2022-11-28 18:49:48 INFO     Training average positive_sample_loss at step 7500: 0.001219
2022-11-28 18:49:48 INFO     Training average negative_sample_loss at step 7500: 0.001425
2022-11-28 18:49:48 INFO     Training average loss at step 7500: 0.001322
2022-11-28 18:49:53 INFO     Training average positive_sample_loss at step 7600: 0.001172
2022-11-28 18:49:53 INFO     Training average negative_sample_loss at step 7600: 0.001354
2022-11-28 18:49:53 INFO     Training average loss at step 7600: 0.001263
2022-11-28 18:49:59 INFO     Training average positive_sample_loss at step 7700: 0.001127
2022-11-28 18:49:59 INFO     Training average negative_sample_loss at step 7700: 0.001288
2022-11-28 18:49:59 INFO     Training average loss at step 7700: 0.001207
2022-11-28 18:50:05 INFO     Training average positive_sample_loss at step 7800: 0.001084
2022-11-28 18:50:05 INFO     Training average negative_sample_loss at step 7800: 0.001223
2022-11-28 18:50:05 INFO     Training average loss at step 7800: 0.001154
2022-11-28 18:50:10 INFO     Training average positive_sample_loss at step 7900: 0.001043
2022-11-28 18:50:10 INFO     Training average negative_sample_loss at step 7900: 0.001165
2022-11-28 18:50:10 INFO     Training average loss at step 7900: 0.001104
2022-11-28 18:50:16 INFO     Training average positive_sample_loss at step 8000: 0.001004
2022-11-28 18:50:16 INFO     Training average negative_sample_loss at step 8000: 0.001111
2022-11-28 18:50:16 INFO     Training average loss at step 8000: 0.001057
2022-11-28 18:50:16 INFO     Evaluating on Valid Dataset...
2022-11-28 18:50:16 INFO     Evaluating the model... (0/2)
2022-11-28 18:50:16 INFO     Valid MRR at step 8000: 0.000185
2022-11-28 18:50:16 INFO     Valid MR at step 8000: 5749.000000
2022-11-28 18:50:16 INFO     Valid HITS@1 at step 8000: 0.000000
2022-11-28 18:50:16 INFO     Valid HITS@3 at step 8000: 0.000000
2022-11-28 18:50:16 INFO     Valid HITS@10 at step 8000: 0.000000
2022-11-28 18:50:22 INFO     Training average positive_sample_loss at step 8100: 0.000967
2022-11-28 18:50:22 INFO     Training average negative_sample_loss at step 8100: 0.001053
2022-11-28 18:50:22 INFO     Training average loss at step 8100: 0.001010
2022-11-28 18:50:27 INFO     Training average positive_sample_loss at step 8200: 0.000931
2022-11-28 18:50:27 INFO     Training average negative_sample_loss at step 8200: 0.001003
2022-11-28 18:50:27 INFO     Training average loss at step 8200: 0.000967
2022-11-28 18:50:33 INFO     Training average positive_sample_loss at step 8300: 0.000897
2022-11-28 18:50:33 INFO     Training average negative_sample_loss at step 8300: 0.000952
2022-11-28 18:50:33 INFO     Training average loss at step 8300: 0.000925
2022-11-28 18:50:38 INFO     Training average positive_sample_loss at step 8400: 0.000865
2022-11-28 18:50:38 INFO     Training average negative_sample_loss at step 8400: 0.000907
2022-11-28 18:50:38 INFO     Training average loss at step 8400: 0.000886
2022-11-28 18:50:43 INFO     Training average positive_sample_loss at step 8500: 0.000834
2022-11-28 18:50:43 INFO     Training average negative_sample_loss at step 8500: 0.000865
2022-11-28 18:50:43 INFO     Training average loss at step 8500: 0.000849
2022-11-28 18:50:49 INFO     Training average positive_sample_loss at step 8600: 0.000804
2022-11-28 18:50:49 INFO     Training average negative_sample_loss at step 8600: 0.000822
2022-11-28 18:50:49 INFO     Training average loss at step 8600: 0.000813
2022-11-28 18:50:54 INFO     Training average positive_sample_loss at step 8700: 0.000775
2022-11-28 18:50:54 INFO     Training average negative_sample_loss at step 8700: 0.000778
2022-11-28 18:50:54 INFO     Training average loss at step 8700: 0.000777
2022-11-28 18:51:00 INFO     Training average positive_sample_loss at step 8800: 0.000747
2022-11-28 18:51:00 INFO     Training average negative_sample_loss at step 8800: 0.000744
2022-11-28 18:51:00 INFO     Training average loss at step 8800: 0.000746
2022-11-28 18:51:05 INFO     Training average positive_sample_loss at step 8900: 0.000720
2022-11-28 18:51:05 INFO     Training average negative_sample_loss at step 8900: 0.000711
2022-11-28 18:51:05 INFO     Training average loss at step 8900: 0.000715
2022-11-28 18:51:11 INFO     Training average positive_sample_loss at step 9000: 0.000695
2022-11-28 18:51:11 INFO     Training average negative_sample_loss at step 9000: 0.000674
2022-11-28 18:51:11 INFO     Training average loss at step 9000: 0.000684
2022-11-28 18:51:11 INFO     Evaluating on Valid Dataset...
2022-11-28 18:51:11 INFO     Evaluating the model... (0/2)
2022-11-28 18:51:11 INFO     Valid MRR at step 9000: 0.000175
2022-11-28 18:51:11 INFO     Valid MR at step 9000: 5936.666667
2022-11-28 18:51:11 INFO     Valid HITS@1 at step 9000: 0.000000
2022-11-28 18:51:11 INFO     Valid HITS@3 at step 9000: 0.000000
2022-11-28 18:51:11 INFO     Valid HITS@10 at step 9000: 0.000000
2022-11-28 18:51:16 INFO     Training average positive_sample_loss at step 9100: 0.000669
2022-11-28 18:51:16 INFO     Training average negative_sample_loss at step 9100: 0.000642
2022-11-28 18:51:16 INFO     Training average loss at step 9100: 0.000656
2022-11-28 18:51:22 INFO     Training average positive_sample_loss at step 9200: 0.000645
2022-11-28 18:51:22 INFO     Training average negative_sample_loss at step 9200: 0.000611
2022-11-28 18:51:22 INFO     Training average loss at step 9200: 0.000628
2022-11-28 18:51:28 INFO     Training average positive_sample_loss at step 9300: 0.000622
2022-11-28 18:51:28 INFO     Training average negative_sample_loss at step 9300: 0.000581
2022-11-28 18:51:28 INFO     Training average loss at step 9300: 0.000602
2022-11-28 18:51:33 INFO     Training average positive_sample_loss at step 9400: 0.000600
2022-11-28 18:51:33 INFO     Training average negative_sample_loss at step 9400: 0.000554
2022-11-28 18:51:33 INFO     Training average loss at step 9400: 0.000577
2022-11-28 18:51:39 INFO     Training average positive_sample_loss at step 9500: 0.000580
2022-11-28 18:51:39 INFO     Training average negative_sample_loss at step 9500: 0.000527
2022-11-28 18:51:39 INFO     Training average loss at step 9500: 0.000553
2022-11-28 18:51:44 INFO     Training average positive_sample_loss at step 9600: 0.000560
2022-11-28 18:51:44 INFO     Training average negative_sample_loss at step 9600: 0.000504
2022-11-28 18:51:44 INFO     Training average loss at step 9600: 0.000532
2022-11-28 18:51:50 INFO     Training average positive_sample_loss at step 9700: 0.000540
2022-11-28 18:51:50 INFO     Training average negative_sample_loss at step 9700: 0.000479
2022-11-28 18:51:50 INFO     Training average loss at step 9700: 0.000510
2022-11-28 18:51:55 INFO     Training average positive_sample_loss at step 9800: 0.000522
2022-11-28 18:51:55 INFO     Training average negative_sample_loss at step 9800: 0.000455
2022-11-28 18:51:55 INFO     Training average loss at step 9800: 0.000488
2022-11-28 18:52:01 INFO     Training average positive_sample_loss at step 9900: 0.000504
2022-11-28 18:52:01 INFO     Training average negative_sample_loss at step 9900: 0.000434
2022-11-28 18:52:01 INFO     Training average loss at step 9900: 0.000469
2022-11-28 18:52:06 INFO     Training average positive_sample_loss at step 10000: 0.000487
2022-11-28 18:52:06 INFO     Training average negative_sample_loss at step 10000: 0.000413
2022-11-28 18:52:06 INFO     Training average loss at step 10000: 0.000450
2022-11-28 18:52:06 INFO     Evaluating on Valid Dataset...
2022-11-28 18:52:06 INFO     Evaluating the model... (0/2)
2022-11-28 18:52:06 INFO     Valid MRR at step 10000: 0.000167
2022-11-28 18:52:06 INFO     Valid MR at step 10000: 6129.166667
2022-11-28 18:52:06 INFO     Valid HITS@1 at step 10000: 0.000000
2022-11-28 18:52:06 INFO     Valid HITS@3 at step 10000: 0.000000
2022-11-28 18:52:06 INFO     Valid HITS@10 at step 10000: 0.000000
2022-11-28 18:52:12 INFO     Training average positive_sample_loss at step 10100: 0.000470
2022-11-28 18:52:12 INFO     Training average negative_sample_loss at step 10100: 0.000394
2022-11-28 18:52:12 INFO     Training average loss at step 10100: 0.000432
2022-11-28 18:52:17 INFO     Training average positive_sample_loss at step 10200: 0.000454
2022-11-28 18:52:17 INFO     Training average negative_sample_loss at step 10200: 0.000375
2022-11-28 18:52:17 INFO     Training average loss at step 10200: 0.000415
2022-11-28 18:52:23 INFO     Training average positive_sample_loss at step 10300: 0.000439
2022-11-28 18:52:23 INFO     Training average negative_sample_loss at step 10300: 0.000357
2022-11-28 18:52:23 INFO     Training average loss at step 10300: 0.000398
2022-11-28 18:52:28 INFO     Training average positive_sample_loss at step 10400: 0.000425
2022-11-28 18:52:28 INFO     Training average negative_sample_loss at step 10400: 0.000340
2022-11-28 18:52:28 INFO     Training average loss at step 10400: 0.000382
2022-11-28 18:52:34 INFO     Training average positive_sample_loss at step 10500: 0.000411
2022-11-28 18:52:34 INFO     Training average negative_sample_loss at step 10500: 0.000325
2022-11-28 18:52:34 INFO     Training average loss at step 10500: 0.000368
2022-11-28 18:52:39 INFO     Training average positive_sample_loss at step 10600: 0.000397
2022-11-28 18:52:39 INFO     Training average negative_sample_loss at step 10600: 0.000309
2022-11-28 18:52:39 INFO     Training average loss at step 10600: 0.000353
2022-11-28 18:52:45 INFO     Training average positive_sample_loss at step 10700: 0.000385
2022-11-28 18:52:45 INFO     Training average negative_sample_loss at step 10700: 0.000293
2022-11-28 18:52:45 INFO     Training average loss at step 10700: 0.000339
2022-11-28 18:52:50 INFO     Training average positive_sample_loss at step 10800: 0.000372
2022-11-28 18:52:50 INFO     Training average negative_sample_loss at step 10800: 0.000280
2022-11-28 18:52:50 INFO     Training average loss at step 10800: 0.000326
2022-11-28 18:52:56 INFO     Training average positive_sample_loss at step 10900: 0.000360
2022-11-28 18:52:56 INFO     Training average negative_sample_loss at step 10900: 0.000267
2022-11-28 18:52:56 INFO     Training average loss at step 10900: 0.000314
2022-11-28 18:53:02 INFO     Training average positive_sample_loss at step 11000: 0.000349
2022-11-28 18:53:02 INFO     Training average negative_sample_loss at step 11000: 0.000254
2022-11-28 18:53:02 INFO     Training average loss at step 11000: 0.000302
2022-11-28 18:53:02 INFO     Evaluating on Valid Dataset...
2022-11-28 18:53:02 INFO     Evaluating the model... (0/2)
2022-11-28 18:53:02 INFO     Valid MRR at step 11000: 0.000160
2022-11-28 18:53:02 INFO     Valid MR at step 11000: 6307.666667
2022-11-28 18:53:02 INFO     Valid HITS@1 at step 11000: 0.000000
2022-11-28 18:53:02 INFO     Valid HITS@3 at step 11000: 0.000000
2022-11-28 18:53:02 INFO     Valid HITS@10 at step 11000: 0.000000
2022-11-28 18:53:08 INFO     Training average positive_sample_loss at step 11100: 0.000338
2022-11-28 18:53:08 INFO     Training average negative_sample_loss at step 11100: 0.000242
2022-11-28 18:53:08 INFO     Training average loss at step 11100: 0.000290
2022-11-28 18:53:13 INFO     Training average positive_sample_loss at step 11200: 0.000327
2022-11-28 18:53:13 INFO     Training average negative_sample_loss at step 11200: 0.000231
2022-11-28 18:53:13 INFO     Training average loss at step 11200: 0.000279
2022-11-28 18:53:19 INFO     Training average positive_sample_loss at step 11300: 0.000317
2022-11-28 18:53:19 INFO     Training average negative_sample_loss at step 11300: 0.000220
2022-11-28 18:53:19 INFO     Training average loss at step 11300: 0.000269
2022-11-28 18:53:24 INFO     Training average positive_sample_loss at step 11400: 0.000307
2022-11-28 18:53:24 INFO     Training average negative_sample_loss at step 11400: 0.000210
2022-11-28 18:53:24 INFO     Training average loss at step 11400: 0.000259
2022-11-28 18:53:31 INFO     Training average positive_sample_loss at step 11500: 0.000298
2022-11-28 18:53:31 INFO     Training average negative_sample_loss at step 11500: 0.000199
2022-11-28 18:53:31 INFO     Training average loss at step 11500: 0.000249
2022-11-28 18:53:36 INFO     Training average positive_sample_loss at step 11600: 0.000289
2022-11-28 18:53:36 INFO     Training average negative_sample_loss at step 11600: 0.000190
2022-11-28 18:53:36 INFO     Training average loss at step 11600: 0.000240
2022-11-28 18:53:42 INFO     Training average positive_sample_loss at step 11700: 0.000281
2022-11-28 18:53:42 INFO     Training average negative_sample_loss at step 11700: 0.000181
2022-11-28 18:53:42 INFO     Training average loss at step 11700: 0.000231
2022-11-28 18:53:47 INFO     Training average positive_sample_loss at step 11800: 0.000272
2022-11-28 18:53:47 INFO     Training average negative_sample_loss at step 11800: 0.000173
2022-11-28 18:53:47 INFO     Training average loss at step 11800: 0.000223
2022-11-28 18:53:53 INFO     Training average positive_sample_loss at step 11900: 0.000265
2022-11-28 18:53:53 INFO     Training average negative_sample_loss at step 11900: 0.000165
2022-11-28 18:53:53 INFO     Training average loss at step 11900: 0.000215
2022-11-28 18:53:58 INFO     Training average positive_sample_loss at step 12000: 0.000257
2022-11-28 18:53:58 INFO     Training average negative_sample_loss at step 12000: 0.000157
2022-11-28 18:53:58 INFO     Training average loss at step 12000: 0.000207
2022-11-28 18:53:58 INFO     Evaluating on Valid Dataset...
2022-11-28 18:53:58 INFO     Evaluating the model... (0/2)
2022-11-28 18:53:58 INFO     Valid MRR at step 12000: 0.000156
2022-11-28 18:53:58 INFO     Valid MR at step 12000: 6470.000000
2022-11-28 18:53:58 INFO     Valid HITS@1 at step 12000: 0.000000
2022-11-28 18:53:58 INFO     Valid HITS@3 at step 12000: 0.000000
2022-11-28 18:53:58 INFO     Valid HITS@10 at step 12000: 0.000000
2022-11-28 18:54:04 INFO     Training average positive_sample_loss at step 12100: 0.000251
2022-11-28 18:54:04 INFO     Training average negative_sample_loss at step 12100: 0.000149
2022-11-28 18:54:04 INFO     Training average loss at step 12100: 0.000200
2022-11-28 18:54:09 INFO     Training average positive_sample_loss at step 12200: 0.000244
2022-11-28 18:54:09 INFO     Training average negative_sample_loss at step 12200: 0.000143
2022-11-28 18:54:09 INFO     Training average loss at step 12200: 0.000193
2022-11-28 18:54:15 INFO     Training average positive_sample_loss at step 12300: 0.000238
2022-11-28 18:54:15 INFO     Training average negative_sample_loss at step 12300: 0.000136
2022-11-28 18:54:15 INFO     Training average loss at step 12300: 0.000187
2022-11-28 18:54:20 INFO     Training average positive_sample_loss at step 12400: 0.000232
2022-11-28 18:54:20 INFO     Training average negative_sample_loss at step 12400: 0.000130
2022-11-28 18:54:20 INFO     Training average loss at step 12400: 0.000181
2022-11-28 18:54:26 INFO     Training average positive_sample_loss at step 12500: 0.000226
2022-11-28 18:54:26 INFO     Training average negative_sample_loss at step 12500: 0.000124
2022-11-28 18:54:26 INFO     Training average loss at step 12500: 0.000175
2022-11-28 18:54:31 INFO     Training average positive_sample_loss at step 12600: 0.000221
2022-11-28 18:54:31 INFO     Training average negative_sample_loss at step 12600: 0.000118
2022-11-28 18:54:31 INFO     Training average loss at step 12600: 0.000169
2022-11-28 18:54:37 INFO     Training average positive_sample_loss at step 12700: 0.000215
2022-11-28 18:54:37 INFO     Training average negative_sample_loss at step 12700: 0.000112
2022-11-28 18:54:37 INFO     Training average loss at step 12700: 0.000164
2022-11-28 18:54:42 INFO     Training average positive_sample_loss at step 12800: 0.000210
2022-11-28 18:54:42 INFO     Training average negative_sample_loss at step 12800: 0.000107
2022-11-28 18:54:42 INFO     Training average loss at step 12800: 0.000159
2022-11-28 18:54:48 INFO     Training average positive_sample_loss at step 12900: 0.000206
2022-11-28 18:54:48 INFO     Training average negative_sample_loss at step 12900: 0.000102
2022-11-28 18:54:48 INFO     Training average loss at step 12900: 0.000154
2022-11-28 18:54:54 INFO     Training average positive_sample_loss at step 13000: 0.000201
2022-11-28 18:54:54 INFO     Training average negative_sample_loss at step 13000: 0.000097
2022-11-28 18:54:54 INFO     Training average loss at step 13000: 0.000149
2022-11-28 18:54:54 INFO     Evaluating on Valid Dataset...
2022-11-28 18:54:54 INFO     Evaluating the model... (0/2)
2022-11-28 18:54:54 INFO     Valid MRR at step 13000: 0.000152
2022-11-28 18:54:54 INFO     Valid MR at step 13000: 6608.333333
2022-11-28 18:54:54 INFO     Valid HITS@1 at step 13000: 0.000000
2022-11-28 18:54:54 INFO     Valid HITS@3 at step 13000: 0.000000
2022-11-28 18:54:54 INFO     Valid HITS@10 at step 13000: 0.000000
2022-11-28 18:55:00 INFO     Training average positive_sample_loss at step 13100: 0.000197
2022-11-28 18:55:00 INFO     Training average negative_sample_loss at step 13100: 0.000093
2022-11-28 18:55:00 INFO     Training average loss at step 13100: 0.000145
2022-11-28 18:55:05 INFO     Training average positive_sample_loss at step 13200: 0.000192
2022-11-28 18:55:05 INFO     Training average negative_sample_loss at step 13200: 0.000088
2022-11-28 18:55:05 INFO     Training average loss at step 13200: 0.000140
2022-11-28 18:55:11 INFO     Training average positive_sample_loss at step 13300: 0.000189
2022-11-28 18:55:11 INFO     Training average negative_sample_loss at step 13300: 0.000084
2022-11-28 18:55:11 INFO     Training average loss at step 13300: 0.000136
2022-11-28 18:55:16 INFO     Training average positive_sample_loss at step 13400: 0.000185
2022-11-28 18:55:16 INFO     Training average negative_sample_loss at step 13400: 0.000080
2022-11-28 18:55:16 INFO     Training average loss at step 13400: 0.000133
2022-11-28 18:55:22 INFO     Training average positive_sample_loss at step 13500: 0.000181
2022-11-28 18:55:22 INFO     Training average negative_sample_loss at step 13500: 0.000077
2022-11-28 18:55:22 INFO     Training average loss at step 13500: 0.000129
2022-11-28 18:55:27 INFO     Training average positive_sample_loss at step 13600: 0.000178
2022-11-28 18:55:27 INFO     Training average negative_sample_loss at step 13600: 0.000073
2022-11-28 18:55:27 INFO     Training average loss at step 13600: 0.000126
2022-11-28 18:55:32 INFO     Training average positive_sample_loss at step 13700: 0.000175
2022-11-28 18:55:32 INFO     Training average negative_sample_loss at step 13700: 0.000070
2022-11-28 18:55:32 INFO     Training average loss at step 13700: 0.000122
2022-11-28 18:55:38 INFO     Training average positive_sample_loss at step 13800: 0.000172
2022-11-28 18:55:38 INFO     Training average negative_sample_loss at step 13800: 0.000067
2022-11-28 18:55:38 INFO     Training average loss at step 13800: 0.000119
2022-11-28 18:55:43 INFO     Training average positive_sample_loss at step 13900: 0.000169
2022-11-28 18:55:43 INFO     Training average negative_sample_loss at step 13900: 0.000064
2022-11-28 18:55:43 INFO     Training average loss at step 13900: 0.000116
2022-11-28 18:55:49 INFO     Training average positive_sample_loss at step 14000: 0.000166
2022-11-28 18:55:49 INFO     Training average negative_sample_loss at step 14000: 0.000061
2022-11-28 18:55:49 INFO     Training average loss at step 14000: 0.000113
2022-11-28 18:55:49 INFO     Evaluating on Valid Dataset...
2022-11-28 18:55:49 INFO     Evaluating the model... (0/2)
2022-11-28 18:55:49 INFO     Valid MRR at step 14000: 0.000149
2022-11-28 18:55:49 INFO     Valid MR at step 14000: 6714.333333
2022-11-28 18:55:49 INFO     Valid HITS@1 at step 14000: 0.000000
2022-11-28 18:55:49 INFO     Valid HITS@3 at step 14000: 0.000000
2022-11-28 18:55:49 INFO     Valid HITS@10 at step 14000: 0.000000
2022-11-28 18:55:54 INFO     Training average positive_sample_loss at step 14100: 0.000164
2022-11-28 18:55:54 INFO     Training average negative_sample_loss at step 14100: 0.000058
2022-11-28 18:55:54 INFO     Training average loss at step 14100: 0.000111
2022-11-28 18:56:00 INFO     Training average positive_sample_loss at step 14200: 0.000161
2022-11-28 18:56:00 INFO     Training average negative_sample_loss at step 14200: 0.000055
2022-11-28 18:56:00 INFO     Training average loss at step 14200: 0.000108
2022-11-28 18:56:05 INFO     Training average positive_sample_loss at step 14300: 0.000159
2022-11-28 18:56:05 INFO     Training average negative_sample_loss at step 14300: 0.000053
2022-11-28 18:56:05 INFO     Training average loss at step 14300: 0.000106
2022-11-28 18:56:11 INFO     Training average positive_sample_loss at step 14400: 0.000157
2022-11-28 18:56:11 INFO     Training average negative_sample_loss at step 14400: 0.000050
2022-11-28 18:56:11 INFO     Training average loss at step 14400: 0.000103
2022-11-28 18:56:16 INFO     Training average positive_sample_loss at step 14500: 0.000154
2022-11-28 18:56:16 INFO     Training average negative_sample_loss at step 14500: 0.000048
2022-11-28 18:56:16 INFO     Training average loss at step 14500: 0.000101
2022-11-28 18:56:22 INFO     Training average positive_sample_loss at step 14600: 0.000152
2022-11-28 18:56:22 INFO     Training average negative_sample_loss at step 14600: 0.000046
2022-11-28 18:56:22 INFO     Training average loss at step 14600: 0.000099
2022-11-28 18:56:27 INFO     Training average positive_sample_loss at step 14700: 0.000151
2022-11-28 18:56:27 INFO     Training average negative_sample_loss at step 14700: 0.000044
2022-11-28 18:56:27 INFO     Training average loss at step 14700: 0.000097
2022-11-28 18:56:33 INFO     Training average positive_sample_loss at step 14800: 0.000149
2022-11-28 18:56:33 INFO     Training average negative_sample_loss at step 14800: 0.000042
2022-11-28 18:56:33 INFO     Training average loss at step 14800: 0.000095
2022-11-28 18:56:38 INFO     Training average positive_sample_loss at step 14900: 0.000147
2022-11-28 18:56:38 INFO     Training average negative_sample_loss at step 14900: 0.000040
2022-11-28 18:56:38 INFO     Training average loss at step 14900: 0.000094
2022-11-28 18:56:44 INFO     Evaluating on Valid Dataset...
2022-11-28 18:56:44 INFO     Evaluating the model... (0/2)
2022-11-28 18:56:44 INFO     Valid MRR at step 14999: 0.000148
2022-11-28 18:56:44 INFO     Valid MR at step 14999: 6787.500000
2022-11-28 18:56:44 INFO     Valid HITS@1 at step 14999: 0.000000
2022-11-28 18:56:44 INFO     Valid HITS@3 at step 14999: 0.000000
2022-11-28 18:56:44 INFO     Valid HITS@10 at step 14999: 0.000000
2022-11-28 18:56:44 INFO     Evaluating on Test Dataset...
2022-11-28 18:56:44 INFO     Evaluating the model... (0/2)
2022-11-28 18:56:44 INFO     Test MRR at step 14999: 0.000150
2022-11-28 18:56:44 INFO     Test MR at step 14999: 6698.250000
2022-11-28 18:56:44 INFO     Test HITS@1 at step 14999: 0.000000
2022-11-28 18:56:44 INFO     Test HITS@3 at step 14999: 0.000000
2022-11-28 18:56:44 INFO     Test HITS@10 at step 14999: 0.000000
